<?xml version="1.0" encoding="UTF-8"?>
<testng-results skipped="0" failed="0" ignored="0" total="1" passed="1">
  <reporter-output>
  </reporter-output>
  <suite name="Buy The Cheapest IPhone Test" duration-ms="22133" started-at="2019-04-05T13:26:01Z" finished-at="2019-04-05T13:26:23Z">
    <groups>
    </groups>
    <test name="LoginTest" duration-ms="22133" started-at="2019-04-05T13:26:01Z" finished-at="2019-04-05T13:26:23Z">
      <class name="com.automationProject.test.BuyTheCheapestIPhone">
        <test-method status="PASS" signature="beforeSuite()[pri:0, instance:com.automationProject.test.BuyTheCheapestIPhone@6e75aa0d]" name="beforeSuite" is-config="true" duration-ms="11" started-at="2019-04-05T13:26:01Z" finished-at="2019-04-05T13:26:01Z">
          <reporter-output>
          </reporter-output>
        </test-method> <!-- beforeSuite -->
        <test-method status="PASS" signature="beforeMethod()[pri:0, instance:com.automationProject.test.BuyTheCheapestIPhone@6e75aa0d]" name="beforeMethod" is-config="true" duration-ms="6021" started-at="2019-04-05T13:26:01Z" finished-at="2019-04-05T13:26:07Z">
          <reporter-output>
          </reporter-output>
        </test-method> <!-- beforeMethod -->
        <test-method status="PASS" signature="buyTheCheapestIPhone()[pri:0, instance:com.automationProject.test.BuyTheCheapestIPhone@6e75aa0d]" name="buyTheCheapestIPhone" duration-ms="14692" started-at="2019-04-05T13:26:07Z" finished-at="2019-04-05T13:26:22Z">
          <reporter-output>
          </reporter-output>
        </test-method> <!-- buyTheCheapestIPhone -->
        <test-method status="PASS" signature="afterMethod()[pri:0, instance:com.automationProject.test.BuyTheCheapestIPhone@6e75aa0d]" name="afterMethod" is-config="true" duration-ms="1380" started-at="2019-04-05T13:26:22Z" finished-at="2019-04-05T13:26:23Z">
          <reporter-output>
          </reporter-output>
        </test-method> <!-- afterMethod -->
      </class> <!-- com.automationProject.test.BuyTheCheapestIPhone -->
    </test> <!-- LoginTest -->
  </suite> <!-- Buy The Cheapest IPhone Test -->
</testng-results>
